<?xml version="1.0" encoding="UTF-8"?>
<!-- Generated by org.testng.reporters.JUnitReportReporter -->
<testsuite hostname="Prashant" failures="0" tests="5" name="com.javaPractice.javaPractice.CCLNew" time="57.444" errors="0" timestamp="2024-02-28T17:17:29 IST" skipped="0">
  <testcase classname="com.javaPractice.javaPractice.CCLNew" name="test1" time="9.304"/>
  <system-out/>
  <testcase classname="com.javaPractice.javaPractice.CCLNew" name="test1" time="10.715"/>
  <system-out/>
  <testcase classname="com.javaPractice.javaPractice.CCLNew" name="test1" time="9.431"/>
  <system-out/>
  <testcase classname="com.javaPractice.javaPractice.CCLNew" name="test1" time="8.790"/>
  <system-out/>
  <testcase classname="com.javaPractice.javaPractice.CCLNew" name="test1" time="19.204"/>
  <system-out/>
</testsuite> <!-- com.javaPractice.javaPractice.CCLNew -->
