<?xml version="1.0" encoding="UTF-8"?>
<!-- Generated by org.testng.reporters.JUnitReportReporter -->
<testsuite hostname="Prashant" failures="0" tests="5" name="com.javaPractice.javaPractice.CCL" time="61.902" errors="0" timestamp="2024-02-28T11:05:44 IST" skipped="0">
  <testcase classname="com.javaPractice.javaPractice.CCL" name="newtest" time="9.953"/>
  <system-out/>
  <testcase classname="com.javaPractice.javaPractice.CCL" name="newtest" time="9.619"/>
  <system-out/>
  <testcase classname="com.javaPractice.javaPractice.CCL" name="newtest" time="22.232"/>
  <system-out/>
  <testcase classname="com.javaPractice.javaPractice.CCL" name="newtest" time="9.635"/>
  <system-out/>
  <testcase classname="com.javaPractice.javaPractice.CCL" name="newtest" time="10.463"/>
  <system-out/>
</testsuite> <!-- com.javaPractice.javaPractice.CCL -->
