<?xml version="1.0" encoding="UTF-8"?>
<!-- Generated by org.testng.reporters.JUnitReportReporter -->
<testsuite hostname="Prashant" failures="0" tests="3" name="com.javaPractice.javaPractice.Count_Number_Of_Digits_In_Integer" time="0.020" errors="0" timestamp="2024-02-01T00:07:23 IST" skipped="0">
  <testcase classname="com.javaPractice.javaPractice.Count_Number_Of_Digits_In_Integer" name="count_Number_Of_Digits_In_Integer_Using_While_Loop" time="0.015"/>
  <system-out/>
  <testcase classname="com.javaPractice.javaPractice.Count_Number_Of_Digits_In_Integer" name="count_Number_Of_Digits_In_Integer_Using_String_value_Of_Method" time="0.003"/>
  <system-out/>
  <testcase classname="com.javaPractice.javaPractice.Count_Number_Of_Digits_In_Integer" name="count_Number_Of_Digits_In_Integer_Using_Concatenation_Operator" time="0.002"/>
  <system-out/>
</testsuite> <!-- com.javaPractice.javaPractice.Count_Number_Of_Digits_In_Integer -->
