<?xml version="1.0" encoding="UTF-8"?>
<!-- Generated by org.testng.reporters.JUnitReportReporter -->
<testsuite hostname="Prashant" failures="0" tests="5" name="com.javaPractice.javaPractice.CCLNewTest" time="52.315" errors="0" timestamp="2024-02-28T18:01:19 IST" skipped="0">
  <testcase classname="com.javaPractice.javaPractice.CCLNewTest" name="test1" time="9.263"/>
  <system-out/>
  <testcase classname="com.javaPractice.javaPractice.CCLNewTest" name="test1" time="9.076"/>
  <system-out/>
  <testcase classname="com.javaPractice.javaPractice.CCLNewTest" name="test1" time="9.246"/>
  <system-out/>
  <testcase classname="com.javaPractice.javaPractice.CCLNewTest" name="test1" time="15.073"/>
  <system-out/>
  <testcase classname="com.javaPractice.javaPractice.CCLNewTest" name="test1" time="9.657"/>
  <system-out/>
</testsuite> <!-- com.javaPractice.javaPractice.CCLNewTest -->
