<?xml version="1.0" encoding="UTF-8"?>
<!-- Generated by org.testng.reporters.JUnitReportReporter -->
<testsuite hostname="Prashant" failures="0" tests="11" name="com.javaPractice.javaPractice.CCLNewNew" time="138.581" errors="0" timestamp="2024-03-06T12:27:49 IST" skipped="0">
  <testcase classname="com.javaPractice.javaPractice.CCLNewNew" name="test1" time="9.911"/>
  <system-out/>
  <testcase classname="com.javaPractice.javaPractice.CCLNewNew" name="test1" time="11.020"/>
  <system-out/>
  <testcase classname="com.javaPractice.javaPractice.CCLNewNew" name="test1" time="11.035"/>
  <system-out/>
  <testcase classname="com.javaPractice.javaPractice.CCLNewNew" name="test1" time="21.640"/>
  <system-out/>
  <testcase classname="com.javaPractice.javaPractice.CCLNewNew" name="test1" time="11.325"/>
  <system-out/>
  <testcase classname="com.javaPractice.javaPractice.CCLNewNew" name="test1" time="10.787"/>
  <system-out/>
  <testcase classname="com.javaPractice.javaPractice.CCLNewNew" name="test1" time="10.671"/>
  <system-out/>
  <testcase classname="com.javaPractice.javaPractice.CCLNewNew" name="test1" time="10.364"/>
  <system-out/>
  <testcase classname="com.javaPractice.javaPractice.CCLNewNew" name="test1" time="10.552"/>
  <system-out/>
  <testcase classname="com.javaPractice.javaPractice.CCLNewNew" name="test1" time="16.684"/>
  <system-out/>
  <testcase classname="com.javaPractice.javaPractice.CCLNewNew" name="test1" time="14.592"/>
  <system-out/>
</testsuite> <!-- com.javaPractice.javaPractice.CCLNewNew -->
