<?xml version="1.0" encoding="UTF-8"?>
<!-- Generated by org.testng.reporters.JUnitReportReporter -->
<testsuite hostname="Prashant" failures="0" tests="5" name="practice.Revrese_String" time="0.016" errors="0" timestamp="2024-01-28T20:33:59 IST" skipped="0">
  <testcase classname="practice.Revrese_String" name="reverse_Stgring_Using_Character_Array" time="0.011"/>
  <system-out/>
  <testcase classname="practice.Revrese_String" name="reverse_String_Using_String_Builder_Class" time="0.001"/>
  <system-out/>
  <testcase classname="practice.Revrese_String" name="reverse_String_Using_Concatenation_Operator" time="0.002"/>
  <system-out/>
  <testcase classname="practice.Revrese_String" name="reverse_String_Using_Split_Method" time="0.001"/>
  <system-out/>
  <testcase classname="practice.Revrese_String" name="reverse_String_Using_String_Buffer_Class" time="0.001"/>
  <system-out/>
</testsuite> <!-- practice.Revrese_String -->
