<?xml version="1.0" encoding="UTF-8"?>
<!-- Generated by org.testng.reporters.JUnitReportReporter -->
<testsuite hostname="Prashant" failures="0" tests="1" name="com.javaPractice.javaPractice.Factors_Of_Number" time="3.467" errors="0" timestamp="2024-02-27T00:37:00 IST" skipped="0">
  <testcase classname="com.javaPractice.javaPractice.Factors_Of_Number" name="factors_Of_Number" time="3.467"/>
  <system-out/>
</testsuite> <!-- com.javaPractice.javaPractice.Factors_Of_Number -->
