<?xml version="1.0" encoding="UTF-8"?>
<!-- Generated by org.testng.reporters.JUnitReportReporter -->
<testsuite hostname="Prashant" failures="0" tests="1" name="practice.Palindrome_Number" time="0.959" errors="0" timestamp="2024-02-11T20:14:56 IST" skipped="0">
  <testcase classname="practice.Palindrome_Number" name="test" time="0.959"/>
  <system-out/>
</testsuite> <!-- practice.Palindrome_Number -->
