<?xml version="1.0" encoding="UTF-8"?>
<!-- Generated by org.testng.reporters.JUnitReportReporter -->
<testsuite hostname="Prashant" failures="0" tests="11" name="com.javaPractice.javaPractice.CCLNewTest" time="74.043" errors="0" timestamp="2024-03-06T13:22:20 IST" skipped="0">
  <testcase classname="com.javaPractice.javaPractice.CCLNewTest" name="test1" time="4.567"/>
  <system-out/>
  <testcase classname="com.javaPractice.javaPractice.CCLNewTest" name="test1" time="5.267"/>
  <system-out/>
  <testcase classname="com.javaPractice.javaPractice.CCLNewTest" name="test1" time="4.815"/>
  <system-out/>
  <testcase classname="com.javaPractice.javaPractice.CCLNewTest" name="test1" time="5.157"/>
  <system-out/>
  <testcase classname="com.javaPractice.javaPractice.CCLNewTest" name="test1" time="4.433"/>
  <system-out/>
  <testcase classname="com.javaPractice.javaPractice.CCLNewTest" name="test1" time="4.169"/>
  <system-out/>
  <testcase classname="com.javaPractice.javaPractice.CCLNewTest" name="test1" time="5.182"/>
  <system-out/>
  <testcase classname="com.javaPractice.javaPractice.CCLNewTest" name="test1" time="26.891"/>
  <system-out/>
  <testcase classname="com.javaPractice.javaPractice.CCLNewTest" name="test1" time="4.256"/>
  <system-out/>
  <testcase classname="com.javaPractice.javaPractice.CCLNewTest" name="test1" time="4.900"/>
  <system-out/>
  <testcase classname="com.javaPractice.javaPractice.CCLNewTest" name="test1" time="4.406"/>
  <system-out/>
</testsuite> <!-- com.javaPractice.javaPractice.CCLNewTest -->
