<?xml version="1.0" encoding="UTF-8"?>
<!-- Generated by org.testng.reporters.JUnitReportReporter -->
<testsuite hostname="Prashant" failures="0" tests="1" name="com.javaPractice.javaPractice.FakeDataTest" time="0.179" errors="0" timestamp="2024-02-17T03:18:17 IST" skipped="0">
  <testcase classname="com.javaPractice.javaPractice.FakeDataTest" name="test" time="0.179"/>
  <system-out/>
</testsuite> <!-- com.javaPractice.javaPractice.FakeDataTest -->
