<?xml version="1.0" encoding="UTF-8"?>
<!-- Generated by org.testng.reporters.JUnitReportReporter -->
<testsuite hostname="Prashant" failures="0" tests="1" name="com.javaPractice.javaPractice.Palindrome_String" time="2.267" errors="0" timestamp="2024-01-30T18:35:36 IST" skipped="0">
  <testcase classname="com.javaPractice.javaPractice.Palindrome_String" name="palindrome_String" time="2.267"/>
  <system-out/>
</testsuite> <!-- com.javaPractice.javaPractice.Palindrome_String -->
