<?xml version="1.0" encoding="UTF-8"?>
<!-- Generated by org.testng.reporters.JUnitReportReporter -->
<testsuite hostname="Prashant" failures="0" tests="6" name="com.javaPractice.javaPractice.Reverse_String" time="0.012" errors="0" timestamp="2024-02-04T21:16:41 IST" skipped="0">
  <testcase classname="com.javaPractice.javaPractice.Reverse_String" name="reverse_String_Using_String_Buffer_Class" time="0.006"/>
  <system-out/>
  <testcase classname="com.javaPractice.javaPractice.Reverse_String" name="reverse_String_Using_String_Builder_Class" time="0.001"/>
  <system-out/>
  <testcase classname="com.javaPractice.javaPractice.Reverse_String" name="reverse_String_Using_Concatenation_Operator" time="0.001"/>
  <system-out/>
  <testcase classname="com.javaPractice.javaPractice.Reverse_String" name="reverse_String_Using_While_Loop" time="0.001"/>
  <system-out/>
  <testcase classname="com.javaPractice.javaPractice.Reverse_String" name="reverse_String_Using_Character_Array" time="0.001"/>
  <system-out/>
  <testcase classname="com.javaPractice.javaPractice.Reverse_String" name="reverse_String_Using_Split_Method" time="0.002"/>
  <system-out/>
</testsuite> <!-- com.javaPractice.javaPractice.Reverse_String -->
