<?xml version="1.0" encoding="UTF-8"?>
<!-- Generated by org.testng.reporters.JUnitReportReporter -->
<testsuite hostname="Prashant" failures="0" tests="1" name="com.javaPractice.javaPractice.CCLSingle" time="27.513" errors="0" timestamp="2024-03-03T00:06:09 IST" skipped="0">
  <testcase classname="com.javaPractice.javaPractice.CCLSingle" name="testSingle" time="27.513"/>
  <system-out/>
</testsuite> <!-- com.javaPractice.javaPractice.CCLSingle -->
