<?xml version="1.0" encoding="UTF-8"?>
<!-- Generated by org.testng.reporters.JUnitReportReporter -->
<testsuite hostname="Prashant" failures="0" tests="3" name="com.javaPractice.javaPractice.Largest_Of_3_Numbers" time="0.007" errors="0" timestamp="2024-01-30T00:33:22 IST" skipped="0">
  <testcase classname="com.javaPractice.javaPractice.Largest_Of_3_Numbers" name="largest_Of_3_Numbers_Using_If_Else_Condition" time="0.006"/>
  <system-out/>
  <testcase classname="com.javaPractice.javaPractice.Largest_Of_3_Numbers" name="largest_Of_3_Numbers_Using_Ternary_Operator" time="0.000"/>
  <system-out/>
  <testcase classname="com.javaPractice.javaPractice.Largest_Of_3_Numbers" name="largest_Of_3_Numbers_Using_Nested_If_Condition" time="0.001"/>
  <system-out/>
</testsuite> <!-- com.javaPractice.javaPractice.Largest_Of_3_Numbers -->
