<?xml version="1.0" encoding="UTF-8"?>
<!-- Generated by org.testng.reporters.JUnitReportReporter -->
<testsuite hostname="Prashant" failures="0" tests="1" name="com.javaPractice.javaPractice.DaysBetweenDates" time="32.014" errors="0" timestamp="2024-03-04T20:51:06 IST" skipped="0">
  <testcase classname="com.javaPractice.javaPractice.DaysBetweenDates" name="test1" time="32.014"/>
  <system-out/>
</testsuite> <!-- com.javaPractice.javaPractice.DaysBetweenDates -->
