<?xml version="1.0" encoding="UTF-8"?>
<!-- Generated by org.testng.reporters.JUnitReportReporter -->
<testsuite hostname="Prashant" failures="0" tests="1" name="com.javaPractice.javaPractice.ColourExcel" time="1.396" errors="0" timestamp="2024-03-05T22:00:34 IST" skipped="0">
  <testcase classname="com.javaPractice.javaPractice.ColourExcel" name="test1" time="1.396"/>
  <system-out/>
</testsuite> <!-- com.javaPractice.javaPractice.ColourExcel -->
