<?xml version="1.0" encoding="UTF-8"?>
<!-- Generated by org.testng.reporters.JUnitReportReporter -->
<testsuite hostname="Prashant" failures="0" tests="6" name="com.javaPractice.javaPractice.Reverse_Number" time="0.023" errors="0" timestamp="2024-02-01T22:16:28 IST" skipped="0">
  <testcase classname="com.javaPractice.javaPractice.Reverse_Number" name="reverse_Number_Using_Algorithm" time="0.017"/>
  <system-out/>
  <testcase classname="com.javaPractice.javaPractice.Reverse_Number" name="reverse_Number_Using_String_Buffer_Class" time="0.001"/>
  <system-out/>
  <testcase classname="com.javaPractice.javaPractice.Reverse_Number" name="reverse_Number_Using_String_Builder_Class" time="0.001"/>
  <system-out/>
  <testcase classname="com.javaPractice.javaPractice.Reverse_Number" name="reverse_Number_Using_Arrays" time="0.001"/>
  <system-out/>
  <testcase classname="com.javaPractice.javaPractice.Reverse_Number" name="reverse_Number_Using_Concatenation_Operator" time="0.002"/>
  <system-out/>
  <testcase classname="com.javaPractice.javaPractice.Reverse_Number" name="reverse_Number_Using_Recursion" time="0.001"/>
  <system-out/>
</testsuite> <!-- com.javaPractice.javaPractice.Reverse_Number -->
