<?xml version="1.0" encoding="UTF-8"?>
<!-- Generated by org.testng.reporters.JUnitReportReporter -->
<testsuite hostname="Prashant" failures="0" tests="1" name="practice.Palindrome_String" time="1.358" errors="0" timestamp="2024-02-11T20:18:47 IST" skipped="0">
  <testcase classname="practice.Palindrome_String" name="test" time="1.358"/>
  <system-out/>
</testsuite> <!-- practice.Palindrome_String -->
