<?xml version="1.0" encoding="UTF-8"?>
<!-- Generated by org.testng.reporters.JUnitReportReporter -->
<testsuite hostname="Prashant" failures="0" tests="1" name="practice.Palindrome_Styring" time="1.524" errors="0" timestamp="2024-02-04T13:19:55 IST" skipped="0">
  <testcase classname="practice.Palindrome_Styring" name="test" time="1.524"/>
  <system-out/>
</testsuite> <!-- practice.Palindrome_Styring -->
