<?xml version="1.0" encoding="UTF-8"?>
<!-- Generated by org.testng.reporters.JUnitReportReporter -->
<testsuite hostname="Prashant" failures="0" tests="1" name="practice.Interview" time="0.013" errors="0" timestamp="2024-02-22T19:00:47 IST" skipped="0">
  <testcase classname="practice.Interview" name="test" time="0.013"/>
  <system-out/>
</testsuite> <!-- practice.Interview -->
