<?xml version="1.0" encoding="UTF-8"?>
<!-- Generated by org.testng.reporters.JUnitReportReporter -->
<testsuite hostname="Prashant" failures="0" tests="1" name="practice.Try" time="17.401" errors="0" timestamp="2024-02-11T23:36:50 IST" skipped="0">
  <testcase classname="practice.Try" name="test" time="17.401"/>
  <system-out/>
</testsuite> <!-- practice.Try -->
