<?xml version="1.0" encoding="UTF-8"?>
<!-- Generated by org.testng.reporters.JUnitReportReporter -->
<testsuite hostname="Prashant" failures="0" tests="2" name="com.javaPractice.javaPractice.Leap_Year" time="0.029" errors="0" timestamp="2024-02-11T20:12:19 IST" skipped="0">
  <testcase classname="com.javaPractice.javaPractice.Leap_Year" name="leap_Year_Using_Conditions" time="0.025"/>
  <system-out/>
  <testcase classname="com.javaPractice.javaPractice.Leap_Year" name="leap_Year_Using_In_Built_Method" time="0.004"/>
  <system-out/>
</testsuite> <!-- com.javaPractice.javaPractice.Leap_Year -->
