<?xml version="1.0" encoding="UTF-8"?>
<!-- Generated by org.testng.reporters.JUnitReportReporter -->
<testsuite hostname="Prashant" failures="0" tests="1" name="practice.Sample" time="5.857" errors="0" timestamp="2024-02-11T00:36:04 IST" skipped="0">
  <testcase classname="practice.Sample" name="test" time="5.857"/>
  <system-out/>
</testsuite> <!-- practice.Sample -->
