<?xml version="1.0" encoding="UTF-8"?>
<!-- Generated by org.testng.reporters.JUnitReportReporter -->
<testsuite hostname="Prashant" failures="0" tests="1" name="com.javaPractice.javaPractice.Palindrome_Number" time="1.140" errors="0" timestamp="2024-01-30T18:33:41 IST" skipped="0">
  <testcase classname="com.javaPractice.javaPractice.Palindrome_Number" name="palindrome_Number" time="1.140"/>
  <system-out/>
</testsuite> <!-- com.javaPractice.javaPractice.Palindrome_Number -->
