<?xml version="1.0" encoding="UTF-8"?>
<!-- Generated by org.testng.reporters.JUnitReportReporter -->
<testsuite hostname="Prashant" failures="0" tests="11" name="com.javaPractice.javaPractice.CCLNewTest" time="123.199" errors="0" timestamp="2024-03-06T12:00:19 IST" skipped="0">
  <testcase classname="com.javaPractice.javaPractice.CCLNewTest" name="test1" time="23.629"/>
  <system-out/>
  <testcase classname="com.javaPractice.javaPractice.CCLNewTest" name="test1" time="9.655"/>
  <system-out/>
  <testcase classname="com.javaPractice.javaPractice.CCLNewTest" name="test1" time="9.802"/>
  <system-out/>
  <testcase classname="com.javaPractice.javaPractice.CCLNewTest" name="test1" time="10.350"/>
  <system-out/>
  <testcase classname="com.javaPractice.javaPractice.CCLNewTest" name="test1" time="10.444"/>
  <system-out/>
  <testcase classname="com.javaPractice.javaPractice.CCLNewTest" name="test1" time="10.080"/>
  <system-out/>
  <testcase classname="com.javaPractice.javaPractice.CCLNewTest" name="test1" time="9.179"/>
  <system-out/>
  <testcase classname="com.javaPractice.javaPractice.CCLNewTest" name="test1" time="10.849"/>
  <system-out/>
  <testcase classname="com.javaPractice.javaPractice.CCLNewTest" name="test1" time="9.764"/>
  <system-out/>
  <testcase classname="com.javaPractice.javaPractice.CCLNewTest" name="test1" time="9.980"/>
  <system-out/>
  <testcase classname="com.javaPractice.javaPractice.CCLNewTest" name="test1" time="9.467"/>
  <system-out/>
</testsuite> <!-- com.javaPractice.javaPractice.CCLNewTest -->
