<?xml version="1.0" encoding="UTF-8"?>
<!-- Generated by org.testng.reporters.JUnitReportReporter -->
<testsuite hostname="Prashant" failures="0" tests="4" name="practice.Reverse_String" time="0.009" errors="0" timestamp="2024-02-02T21:20:36 IST" skipped="0">
  <testcase classname="practice.Reverse_String" name="test_4" time="0.001"/>
  <system-out/>
  <testcase classname="practice.Reverse_String" name="test_1" time="0.006"/>
  <system-out/>
  <testcase classname="practice.Reverse_String" name="test_2" time="0.001"/>
  <system-out/>
  <testcase classname="practice.Reverse_String" name="test_3" time="0.001"/>
  <system-out/>
</testsuite> <!-- practice.Reverse_String -->
