<?xml version="1.0" encoding="UTF-8"?>
<!-- Generated by org.testng.reporters.JUnitReportReporter -->
<testsuite hostname="Prashant" failures="0" tests="3" name="practice.Count_Number_Of_Digits_In_Number" time="0.018" errors="0" timestamp="2024-02-01T18:58:54 IST" skipped="0">
  <testcase classname="practice.Count_Number_Of_Digits_In_Number" name="test_1" time="0.016"/>
  <system-out/>
  <testcase classname="practice.Count_Number_Of_Digits_In_Number" name="test_2" time="0.002"/>
  <system-out/>
  <testcase classname="practice.Count_Number_Of_Digits_In_Number" name="test_3" time="0.000"/>
  <system-out/>
</testsuite> <!-- practice.Count_Number_Of_Digits_In_Number -->
