<?xml version="1.0" encoding="UTF-8"?>
<!-- Generated by org.testng.reporters.JUnitReportReporter -->
<testsuite hostname="Prashant" failures="0" tests="5" name="practice.Reverse_Number" time="0.023" errors="0" timestamp="2024-02-11T20:39:53 IST" skipped="0">
  <testcase classname="practice.Reverse_Number" name="test_5" time="0.001"/>
  <system-out/>
  <testcase classname="practice.Reverse_Number" name="test_3" time="0.001"/>
  <system-out/>
  <testcase classname="practice.Reverse_Number" name="test_2" time="0.001"/>
  <system-out/>
  <testcase classname="practice.Reverse_Number" name="test_1" time="0.019"/>
  <system-out/>
  <testcase classname="practice.Reverse_Number" name="test_4" time="0.001"/>
  <system-out/>
</testsuite> <!-- practice.Reverse_Number -->
