<?xml version="1.0" encoding="UTF-8"?>
<!-- Generated by org.testng.reporters.JUnitReportReporter -->
<testsuite hostname="Prashant" failures="0" tests="1" name="com.javaPractice.javaPractice.Linear_Search_In_Arrays" time="9.222" errors="0" timestamp="2024-01-31T23:49:47 IST" skipped="0">
  <testcase classname="com.javaPractice.javaPractice.Linear_Search_In_Arrays" name="linear_Search_In_Array" time="9.222"/>
  <system-out/>
</testsuite> <!-- com.javaPractice.javaPractice.Linear_Search_In_Arrays -->
