<?xml version="1.0" encoding="UTF-8"?>
<!-- Generated by org.testng.reporters.JUnitReportReporter -->
<testsuite hostname="Prashant" failures="0" tests="1" name="com.javaPractice.javaPractice.WriteStringInMultipleLines" time="5.426" errors="0" timestamp="2024-03-05T11:30:23 IST" skipped="0">
  <testcase classname="com.javaPractice.javaPractice.WriteStringInMultipleLines" name="test1" time="5.426"/>
  <system-out/>
</testsuite> <!-- com.javaPractice.javaPractice.WriteStringInMultipleLines -->
